<?xml version="1.0" encoding="UTF-8"?>
<!-- Generated by org.testng.reporters.JUnitReportReporter -->
<testsuite hostname="LAPTOP-SOJJ0O9R" failures="0" tests="1" name="testCases.TC_002_LoginTest" time="3.328" errors="0" timestamp="2024-02-24T13:28:00 IST" skipped="0">
  <testcase classname="testCases.TC_002_LoginTest" name="verify_login" time="3.328"/>
</testsuite> <!-- testCases.TC_002_LoginTest -->
