<?xml version="1.0" encoding="UTF-8"?>
<!-- Generated by org.testng.reporters.JUnitReportReporter -->
<testsuite hostname="LAPTOP-SOJJ0O9R" failures="0" tests="1" name="testCases.TC_001_AccountRegistrationTest" time="4.983" errors="0" timestamp="2024-02-24T13:28:00 IST" skipped="0">
  <testcase classname="testCases.TC_001_AccountRegistrationTest" name="verify_account_registration" time="4.983"/>
</testsuite> <!-- testCases.TC_001_AccountRegistrationTest -->
